INFO [2019-02-19 08:12:50] [[1]]
INFO [2019-02-19 08:12:50] list(rownames(res_AI.sig), rownames(res_AF.sig), rownames(res_FI.sig), 
INFO [2019-02-19 08:12:50]     rownames(res_AFI.sig))
INFO [2019-02-19 08:12:50] 
INFO [2019-02-19 08:12:50] [[2]]
INFO [2019-02-19 08:12:50] NULL
INFO [2019-02-19 08:12:50] 
INFO [2019-02-19 08:12:50] $fill
INFO [2019-02-19 08:12:50] c("red", "green", "blue", "yellow")
INFO [2019-02-19 08:12:50] 
INFO [2019-02-19 08:12:50] $alpha
INFO [2019-02-19 08:12:50] c(0.5, 0.5, 0.5, 0.5)
INFO [2019-02-19 08:12:50] 
INFO [2019-02-19 08:12:50] $cex
INFO [2019-02-19 08:12:50] [1] 2
INFO [2019-02-19 08:12:50] 
INFO [2019-02-19 08:12:50] $cat.fontface
INFO [2019-02-19 08:12:50] [1] 4
INFO [2019-02-19 08:12:50] 
INFO [2019-02-19 08:12:50] $category.names
INFO [2019-02-19 08:12:50] c("Adverse vs Intermediate", "Adverse vs Favorable", "Favorable vs Intermediate", 
INFO [2019-02-19 08:12:50]     "Adverse vs Favorable vs Intermediate")
INFO [2019-02-19 08:12:50] 
